<?xml version="1.0" encoding="UTF-8"?>
<!-- Generated by org.testng.reporters.JUnitReportReporter -->
<testsuite hostname="Alis-MBP" failures="0" tests="1" name="Search.InputSearch" time="27.522" errors="0" timestamp="24 Sep 2018 02:47:34 GMT" skipped="0">
  <testcase classname="Search.InputSearch" name="TestSignUp" time="27.522"/>
</testsuite> <!-- Search.InputSearch -->
