<?xml version="1.0" encoding="UTF-8"?>
<!-- Generated by org.testng.reporters.JUnitReportReporter -->
<testsuite hostname="Alis-MBP" failures="0" tests="1" name="Zip.InputZip$InputSearch" time="29.585" errors="0" timestamp="24 Sep 2018 02:48:05 GMT" skipped="0">
  <testcase classname="Zip.InputZip$InputSearch" name="TestSignUp" time="29.585"/>
</testsuite> <!-- Zip.InputZip$InputSearch -->
